<?xml version="1.0" encoding="UTF-8"?>
<testsuite xmlns:xsi="http://www.w3.org/2001/XMLSchema-instance" xsi:noNamespaceSchemaLocation="https://maven.apache.org/surefire/maven-surefire-plugin/xsd/surefire-test-report-3.0.xsd" version="3.0" name="com.campusqueue.controller.HealthControllerTest" time="2.747" tests="1" errors="0" skipped="0" failures="0">
  <properties>
[...]
</properties>
  <testcase name="shouldReturnHealthStatus" classname="com.campusqueue.controller.HealthControllerTest" time="0.394">
    <system-out><![CDATA[2026-09-01T22:55:30.624+05:30  INFO 18256 --- [campusqueue-backend] [           main] t.c.s.AnnotationConfigContextLoaderUtils : Could not detect default configuration classes for test class [com.campusqueue.controller.HealthControllerTest]: HealthControllerTest does not declare any static, non-private, non-final, nested classes annotated with @Configuration.
2026-09-01T22:55:30.668+05:30  INFO 18256 --- [campusqueue-backend] [           main] .b.t.c.SpringBootTestContextBootstrapper : Found @SpringBootConfiguration com.campusqueue.CampusQueueApplication for test class com.campusqueue.controller.HealthControllerTest

  .   ____          _            __ _ _
 /\\ / ___'_ __ _ _(_)_ __  __ _ \ \ \ \
( ( )\___ | '_ | '_| | '_ \/ _` | \ \ \ \
 \\/  ___)| |_)| | | | | || (_| |  ) ) ) )
  '  |____| .__|_| |_|_| |_\__, | / / / /
 =========|_|==============|___/=/_/_/_/

 :: Spring Boot ::                (v3.3.4)

2026-09-01T22:55:30.762+05:30  INFO 18256 --- [campusqueue-backend] [           main] c.c.controller.HealthControllerTest      : Starting HealthControllerTest using Java 24.0.2 with PID 18256 (started by Sri Raksha M in d:\campusQueue\campusqueue-backend)
2026-09-01T22:55:30.762+05:30  INFO 18256 --- [campusqueue-backend] [           main] c.c.controller.HealthControllerTest      : No active profile set, falling back to 1 default profile: "default"
2026-09-01T22:55:31.260+05:30  INFO 18256 --- [campusqueue-backend] [           main] .s.d.r.c.RepositoryConfigurationDelegate : Bootstrapping Spring Data JPA repositories in DEFAULT mode.
2026-09-01T22:55:31.287+05:30  INFO 18256 --- [campusqueue-backend] [           main] .s.d.r.c.RepositoryConfigurationDelegate : Finished Spring Data repository scanning in 26 ms. Found 3 JPA repository interfaces.
2026-09-01T22:55:31.560+05:30  INFO 18256 --- [campusqueue-backend] [           main] com.zaxxer.hikari.HikariDataSource       : HikariPool-2 - Starting...
2026-09-01T22:55:31.563+05:30  INFO 18256 --- [campusqueue-backend] [           main] com.zaxxer.hikari.pool.HikariPool        : HikariPool-2 - Added connection conn10: url=jdbc:h2:mem:campusqueue_test user=SA
2026-09-01T22:55:31.564+05:30  INFO 18256 --- [campusqueue-backend] [           main] com.zaxxer.hikari.HikariDataSource       : HikariPool-2 - Start completed.
2026-09-01T22:55:31.624+05:30  INFO 18256 --- [campusqueue-backend] [           main] o.hibernate.jpa.internal.util.LogHelper  : HHH000204: Processing PersistenceUnitInfo [name: default]
2026-09-01T22:55:31.630+05:30  INFO 18256 --- [campusqueue-backend] [           main] o.h.c.internal.RegionFactoryInitiator    : HHH000026: Second-level cache disabled
2026-09-01T22:55:31.655+05:30  INFO 18256 --- [campusqueue-backend] [           main] o.s.o.j.p.SpringPersistenceUnitInfo      : No LoadTimeWeaver setup: ignoring JPA class transformer
2026-09-01T22:55:31.663+05:30  WARN 18256 --- [campusqueue-backend] [           main] org.hibernate.orm.deprecation            : HHH90000025: H2Dialect does not need to be specified explicitly using 'hibernate.dialect' (remove the property setting and it will be selected by default)
2026-09-01T22:55:31.996+05:30  INFO 18256 --- [campusqueue-backend] [           main] o.h.e.t.j.p.i.JtaPlatformInitiator       : HHH000489: No JTA platform available (set 'hibernate.transaction.jta.platform' to enable JTA platform integration)
&amp#27;[35m[Hibernate]&amp#27;[0m 
    &amp#27;[34mdrop&amp#27;[0m &amp#27;[34mtable&amp#27;[0m &amp#27;[34mif&amp#27;[0m &amp#27;[34mexists&amp#27;[0m counters &amp#27;[34mcascade&amp#27;[0m 
&amp#27;[35m[Hibernate]&amp#27;[0m 
    &amp#27;[34mdrop&amp#27;[0m &amp#27;[34mtable&amp#27;[0m &amp#27;[34mif&amp#27;[0m &amp#27;[34mexists&amp#27;[0m tickets &amp#27;[34mcascade&amp#27;[0m 
&amp#27;[35m[Hibernate]&amp#27;[0m 
    &amp#27;[34mdrop&amp#27;[0m &amp#27;[34mtable&amp#27;[0m &amp#27;[34mif&amp#27;[0m &amp#27;[34mexists&amp#27;[0m users &amp#27;[34mcascade&amp#27;[0m 
&amp#27;[35m[Hibernate]&amp#27;[0m 
    &amp#27;[34mcreate&amp#27;[0m &amp#27;[34mtable&amp#27;[0m counters (
        is_active &amp#27;[34mboolean&amp#27;[0m &amp#27;[34mnot&amp#27;[0m &amp#27;[34mnull&amp#27;[0m,
        created_at &amp#27;[34mtimestamp&amp#27;[0m(6) &amp#27;[34mnot&amp#27;[0m &amp#27;[34mnull&amp#27;[0m,
        id &amp#27;[34mbigint&amp#27;[0m generated &amp#27;[34mby&amp#27;[0m &amp#27;[34mdefault&amp#27;[0m &amp#27;[34mas&amp#27;[0m &amp#27;[34midentity&amp#27;[0m,
        code &amp#27;[34mvarchar&amp#27;[0m(10) &amp#27;[34mnot&amp#27;[0m &amp#27;[34mnull&amp#27;[0m &amp#27;[34munique&amp#27;[0m,
        name &amp#27;[34mvarchar&amp#27;[0m(100) &amp#27;[34mnot&amp#27;[0m &amp#27;[34mnull&amp#27;[0m &amp#27;[34munique&amp#27;[0m,
        description &amp#27;[34mvarchar&amp#27;[0m(255),
        &amp#27;[34mprimary&amp#27;[0m &amp#27;[34mkey&amp#27;[0m (id)
    )
&amp#27;[35m[Hibernate]&amp#27;[0m 
    &amp#27;[34mcreate&amp#27;[0m &amp#27;[34mtable&amp#27;[0m tickets (
        called_at &amp#27;[34mtimestamp&amp#27;[0m(6),
        completed_at &amp#27;[34mtimestamp&amp#27;[0m(6),
        counter_id &amp#27;[34mbigint&amp#27;[0m &amp#27;[34mnot&amp#27;[0m &amp#27;[34mnull&amp#27;[0m,
        created_at &amp#27;[34mtimestamp&amp#27;[0m(6) &amp#27;[34mnot&amp#27;[0m &amp#27;[34mnull&amp#27;[0m,
        id &amp#27;[34mbigint&amp#27;[0m generated &amp#27;[34mby&amp#27;[0m &amp#27;[34mdefault&amp#27;[0m &amp#27;[34mas&amp#27;[0m &amp#27;[34midentity&amp#27;[0m,
        user_id &amp#27;[34mbigint&amp#27;[0m &amp#27;[34mnot&amp#27;[0m &amp#27;[34mnull&amp#27;[0m,
        token_number &amp#27;[34mvarchar&amp#27;[0m(20) &amp#27;[34mnot&amp#27;[0m &amp#27;[34mnull&amp#27;[0m,
        remarks &amp#27;[34mvarchar&amp#27;[0m(255),
        status enum (&amp#27;[36m'CANCELLED'&amp#27;[0m,&amp#27;[36m'COMPLETED'&amp#27;[0m,&amp#27;[36m'SERVING'&amp#27;[0m,&amp#27;[36m'SKIPPED'&amp#27;[0m,&amp#27;[36m'WAITING'&amp#27;[0m) &amp#27;[34mnot&amp#27;[0m &amp#27;[34mnull&amp#27;[0m,
        &amp#27;[34mprimary&amp#27;[0m &amp#27;[34mkey&amp#27;[0m (id)
    )
&amp#27;[35m[Hibernate]&amp#27;[0m 
    &amp#27;[34mcreate&amp#27;[0m &amp#27;[34mtable&amp#27;[0m users (
        created_at &amp#27;[34mtimestamp&amp#27;[0m(6) &amp#27;[34mnot&amp#27;[0m &amp#27;[34mnull&amp#27;[0m,
        id &amp#27;[34mbigint&amp#27;[0m generated &amp#27;[34mby&amp#27;[0m &amp#27;[34mdefault&amp#27;[0m &amp#27;[34mas&amp#27;[0m &amp#27;[34midentity&amp#27;[0m,
        name &amp#27;[34mvarchar&amp#27;[0m(100) &amp#27;[34mnot&amp#27;[0m &amp#27;[34mnull&amp#27;[0m,
        email &amp#27;[34mvarchar&amp#27;[0m(150) &amp#27;[34mnot&amp#27;[0m &amp#27;[34mnull&amp#27;[0m &amp#27;[34munique&amp#27;[0m,
        role enum (&amp#27;[36m'ADMIN'&amp#27;[0m,&amp#27;[36m'STAFF'&amp#27;[0m,&amp#27;[36m'STUDENT'&amp#27;[0m) &amp#27;[34mnot&amp#27;[0m &amp#27;[34mnull&amp#27;[0m,
        &amp#27;[34mprimary&amp#27;[0m &amp#27;[34mkey&amp#27;[0m (id)
    )
&amp#27;[35m[Hibernate]&amp#27;[0m 
    &amp#27;[34malter&amp#27;[0m &amp#27;[34mtable&amp#27;[0m &amp#27;[34mif&amp#27;[0m &amp#27;[34mexists&amp#27;[0m tickets 
       &amp#27;[34madd&amp#27;[0m &amp#27;[34mconstraint&amp#27;[0m FKbgslltow9ngbgoe8mrosi76sj 
       &amp#27;[34mforeign&amp#27;[0m &amp#27;[34mkey&amp#27;[0m (counter_id) 
       &amp#27;[34mreferences&amp#27;[0m counters
&amp#27;[35m[Hibernate]&amp#27;[0m 
    &amp#27;[34malter&amp#27;[0m &amp#27;[34mtable&amp#27;[0m &amp#27;[34mif&amp#27;[0m &amp#27;[34mexists&amp#27;[0m tickets 
       &amp#27;[34madd&amp#27;[0m &amp#27;[34mconstraint&amp#27;[0m FK4eqsebpimnjen0q46ja6fl2hl 
       &amp#27;[34mforeign&amp#27;[0m &amp#27;[34mkey&amp#27;[0m (user_id) 
       &amp#27;[34mreferences&amp#27;[0m users
2026-09-01T22:55:32.038+05:30  INFO 18256 --- [campusqueue-backend] [           main] j.LocalContainerEntityManagerFactoryBean : Initialized JPA EntityManagerFactory for persistence unit 'default'
2026-09-01T22:55:32.941+05:30  INFO 18256 --- [campusqueue-backend] [           main] o.s.b.t.m.w.SpringBootMockServletContext : Initializing Spring TestDispatcherServlet ''
2026-09-01T22:55:32.941+05:30  INFO 18256 --- [campusqueue-backend] [           main] o.s.t.web.servlet.TestDispatcherServlet  : Initializing Servlet ''
2026-09-01T22:55:32.949+05:30  INFO 18256 --- [campusqueue-backend] [           main] o.s.t.web.servlet.TestDispatcherServlet  : Completed initialization in 8 ms
2026-09-01T22:55:32.971+05:30  INFO 18256 --- [campusqueue-backend] [           main] c.c.controller.HealthControllerTest      : Started HealthControllerTest in 2.295 seconds (process running for 21.618)
]]></system-out>
  </testcase>
</testsuite>